<?xml version="1.0" encoding="UTF-8"?>
<!-- Generated by org.testng.reporters.JUnitReportReporter -->
<testsuite skipped="0" hostname="LAPTOP-KUKH0008" name="com.paypalpayment.testcases.PaymentTestcases" tests="2" failures="0" timestamp="25 May 2020 01:32:58 GMT" time="4.128" errors="0">
  <testcase name="getPaymentDetails" time="1.466" classname="com.paypalpayment.testcases.PaymentTestcases"/>
  <testcase name="createAPayment" time="2.662" classname="com.paypalpayment.testcases.PaymentTestcases"/>
</testsuite> <!-- com.paypalpayment.testcases.PaymentTestcases -->
